Arguments: 
  /usr/local/bin/node /usr/local/Cellar/yarn/1.15.2/libexec/bin/yarn.js install

PATH: 
  /Library/Frameworks/Python.framework/Versions/2.7/bin:/usr/local/bin:/usr/bin:/bin:/usr/sbin:/sbin

Yarn version: 
  1.15.2

Node version: 
  10.16.0

Platform: 
  darwin x64

Trace: 
  Error: https://github.com/expo/react-native/archive/sdk-33.0.0.tar.gz: ETIMEDOUT
      at Timeout._onTimeout (/usr/local/Cellar/yarn/1.15.2/libexec/lib/cli.js:130201:19)
      at ontimeout (timers.js:436:11)
      at tryOnTimeout (timers.js:300:5)
      at listOnTimeout (timers.js:263:5)
      at Timer.processTimers (timers.js:223:10)

npm manifest: 
  {
    "main": "node_modules/expo/AppEntry.js",
    "scripts": {
      "start": "expo start",
      "android": "expo start --android",
      "ios": "expo start --ios",
      "web": "expo start --web",
      "eject": "expo eject"
    },
    "dependencies": {
      "expo": "^33.0.0",
      "react": "16.8.3",
      "react-dom": "^16.8.6",
      "react-native": "https://github.com/expo/react-native/archive/sdk-33.0.0.tar.gz",
      "react-native-web": "^0.11.4"
    },
    "devDependencies": {
      "babel-preset-expo": "^5.1.1"
    },
    "private": true
  }

yarn manifest: 
  No manifest

Lockfile: 
  No lockfile
